<?xml version="1.0" encoding="UTF-8"?>
<!-- Generated by org.testng.reporters.JUnitReportReporter -->
<testsuite hostname="DESKTOP-T140BP6" failures="0" tests="1" name="testCases.DependentDropdown" time="1.788" errors="0" timestamp="2022-09-26T12:23:09 NPT" skipped="0">
  <testcase classname="testCases.DependentDropdown" name="verifyCascadingDropdown" time="1.788"/>
  <system-out/>
</testsuite> <!-- testCases.DependentDropdown -->
