<?xml version="1.0" encoding="UTF-8"?>
<!-- Generated by org.testng.reporters.JUnitReportReporter -->
<testsuite hostname="DESKTOP-T140BP6" failures="0" tests="1" name="testCases.Login" time="45.051" errors="0" timestamp="2022-09-23T15:10:10 NPT" skipped="0">
  <testcase classname="testCases.Login" name="testSuccessfullLogin" time="45.051"/>
  <system-out/>
</testsuite> <!-- testCases.Login -->
