<?xml version="1.0" encoding="UTF-8"?>
<!-- Generated by org.testng.reporters.JUnitReportReporter -->
<testsuite hostname="DESKTOP-T140BP6" failures="0" tests="1" name="testCases.Login" time="36.221" errors="0" timestamp="2022-09-23T11:26:33 NPT" skipped="0">
  <testcase classname="testCases.Login" name="testSuccessfullLogin" time="36.221"/>
  <system-out/>
</testsuite> <!-- testCases.Login -->
