<?xml version="1.0" encoding="UTF-8"?>
<!-- Generated by org.testng.reporters.JUnitReportReporter -->
<testsuite hostname="DESKTOP-T140BP6" failures="0" tests="1" name="testCases.Login" time="24.095" errors="0" timestamp="2022-09-23T14:54:38 NPT" skipped="0">
  <testcase classname="testCases.Login" name="invalidEmail" time="24.095"/>
  <system-out/>
</testsuite> <!-- testCases.Login -->
