<?xml version="1.0" encoding="UTF-8"?>
<!-- Generated by org.testng.reporters.JUnitReportReporter -->
<testsuite hostname="DESKTOP-T140BP6" failures="0" tests="1" name="testCases.Datepicker" time="6.336" errors="0" timestamp="2022-09-29T12:15:06 NPT" skipped="0">
  <testcase classname="testCases.Datepicker" name="selectDate" time="6.336"/>
  <system-out/>
</testsuite> <!-- testCases.Datepicker -->
