<?xml version="1.0" encoding="UTF-8"?>
<!-- Generated by org.testng.reporters.JUnitReportReporter -->
<testsuite hostname="DESKTOP-T140BP6" failures="0" tests="1" name="testCases.DependentDropdown" time="8.266" errors="0" timestamp="2022-09-28T13:19:12 NPT" skipped="0">
  <testcase classname="testCases.DependentDropdown" name="FrontEndVerification" time="8.266"/>
  <system-out/>
</testsuite> <!-- testCases.DependentDropdown -->
